PhotonAndroidClient/build/outputs/logs/manifest-merger-debug-report.txt
-- Merging decision tree log ---
manifest
ADDED from STAndroidClient\PhotonAndroidClient\AndroidManifest.xml:2:1-48:12
	xmlns:android
		ADDED from STAndroidClient\PhotonAndroidClient\AndroidManifest.xml:2:11-69
	package
		ADDED from STAndroidClient\PhotonAndroidClient\AndroidManifest.xml:3:5-53
	android:versionName
		ADDED from STAndroidClient\PhotonAndroidClient\AndroidManifest.xml:5:5-30
	android:versionCode
		ADDED from STAndroidClient\PhotonAndroidClient\AndroidManifest.xml:4:5-28
		INJECTED from STAndroidClient\PhotonAndroidClient\AndroidManifest.xml
		INJECTED from STAndroidClient\PhotonAndroidClient\AndroidManifest.xml
uses-permission#android.permission.INTERNET
ADDED from STAndroidClient\PhotonAndroidClient\AndroidManifest.xml:6:2-63
	android:name
		ADDED from STAndroidClient\PhotonAndroidClient\AndroidManifest.xml:6:19-61
uses-permission#android.permission.RECORD_AUDIO
ADDED from STAndroidClient\PhotonAndroidClient\AndroidManifest.xml:7:2-68
	android:name
		ADDED from STAndroidClient\PhotonAndroidClient\AndroidManifest.xml:7:19-65
uses-permission#android.permission.CAMERA
ADDED from STAndroidClient\PhotonAndroidClient\AndroidManifest.xml:8:2-62
	android:name
		ADDED from STAndroidClient\PhotonAndroidClient\AndroidManifest.xml:8:19-59
uses-permission#android.permission.VIBRATE
ADDED from STAndroidClient\PhotonAndroidClient\AndroidManifest.xml:9:2-63
	android:name
		ADDED from STAndroidClient\PhotonAndroidClient\AndroidManifest.xml:9:19-60
uses-permission#android.permission.WRITE_EXTERNAL_STORAGE
ADDED from STAndroidClient\PhotonAndroidClient\AndroidManifest.xml:10:2-78
	android:name
		ADDED from STAndroidClient\PhotonAndroidClient\AndroidManifest.xml:10:19-75
uses-feature#android.hardware.camera
ADDED from STAndroidClient\PhotonAndroidClient\AndroidManifest.xml:12:2-57
	android:name
		ADDED from STAndroidClient\PhotonAndroidClient\AndroidManifest.xml:12:16-54
uses-feature#android.hardware.camera.front
ADDED from STAndroidClient\PhotonAndroidClient\AndroidManifest.xml:13:5-66
	android:name
		ADDED from STAndroidClient\PhotonAndroidClient\AndroidManifest.xml:13:19-63
uses-sdk
ADDED from STAndroidClient\PhotonAndroidClient\AndroidManifest.xml:15:5-17:41
	android:targetSdkVersion
		ADDED from STAndroidClient\PhotonAndroidClient\AndroidManifest.xml:17:9-38
	android:minSdkVersion
		ADDED from STAndroidClient\PhotonAndroidClient\AndroidManifest.xml:16:9-35
application
ADDED from STAndroidClient\PhotonAndroidClient\AndroidManifest.xml:19:5-45:19
	android:label
		ADDED from STAndroidClient\PhotonAndroidClient\AndroidManifest.xml:22:9-41
	android:allowBackup
		ADDED from STAndroidClient\PhotonAndroidClient\AndroidManifest.xml:20:9-35
	android:icon
		ADDED from STAndroidClient\PhotonAndroidClient\AndroidManifest.xml:21:9-45
	android:theme
		ADDED from STAndroidClient\PhotonAndroidClient\AndroidManifest.xml:23:9-40
activity#com.rengatartgital.photonandroidclient.MainActivity
ADDED from STAndroidClient\PhotonAndroidClient\AndroidManifest.xml:24:9-30:20
	android:screenOrientation
		ADDED from STAndroidClient\PhotonAndroidClient\AndroidManifest.xml:27:13-49
	android:label
		ADDED from STAndroidClient\PhotonAndroidClient\AndroidManifest.xml:26:13-45
	android:configChanges
		ADDED from STAndroidClient\PhotonAndroidClient\AndroidManifest.xml:28:13-59
	android:name
		ADDED from STAndroidClient\PhotonAndroidClient\AndroidManifest.xml:25:13-79
activity#com.rengatartgital.photonandroidclient.SplashActivity
ADDED from STAndroidClient\PhotonAndroidClient\AndroidManifest.xml:31:9-43:21
	android:screenOrientation
		ADDED from STAndroidClient\PhotonAndroidClient\AndroidManifest.xml:34:13-49
	android:label
		ADDED from STAndroidClient\PhotonAndroidClient\AndroidManifest.xml:33:13-45
	android:configChanges
		ADDED from STAndroidClient\PhotonAndroidClient\AndroidManifest.xml:35:13-59
	android:name
		ADDED from STAndroidClient\PhotonAndroidClient\AndroidManifest.xml:32:13-81
intent-filter#android.intent.action.MAIN+android.intent.category.LAUNCHER
ADDED from STAndroidClient\PhotonAndroidClient\AndroidManifest.xml:38:13-42:29
action#android.intent.action.MAIN
ADDED from STAndroidClient\PhotonAndroidClient\AndroidManifest.xml:39:17-69
	android:name
		ADDED from STAndroidClient\PhotonAndroidClient\AndroidManifest.xml:39:25-66
category#android.intent.category.LAUNCHER
ADDED from STAndroidClient\PhotonAndroidClient\AndroidManifest.xml:41:17-77
	android:name
		ADDED from STAndroidClient\PhotonAndroidClient\AndroidManifest.xml:41:27-74
service#com.rengatartgital.photonandroidclient.SoundUtil.BackMusicService
ADDED from STAndroidClient\PhotonAndroidClient\AndroidManifest.xml:44:9-123
	android:enabled
		ADDED from STAndroidClient\PhotonAndroidClient\AndroidManifest.xml:44:99-121
	android:name
		ADDED from STAndroidClient\PhotonAndroidClient\AndroidManifest.xml:44:18-98